<?xml version="1.0" encoding="UTF-8"?>
<testng-results total="1" passed="1" failed="0" skipped="0">
  <reporter-output>
  </reporter-output>
  <suite started-at="2022-05-20T13:35:23Z" name="Default suite" finished-at="2022-05-20T13:35:37Z" duration-ms="13858">
    <groups>
    </groups>
    <test started-at="2022-05-20T13:35:23Z" name="Default test" finished-at="2022-05-20T13:35:37Z" duration-ms="13858">
      <class name="com.mindtree.Helper.Log4j">
        <test-method signature="setUp()[pri:0, instance:com.mindtree.Helper.Log4j@6ee4d9ab]" started-at="2022-05-20T19:05:23Z" name="setUp" finished-at="2022-05-20T19:05:37Z" duration-ms="13839" status="PASS">
          <reporter-output>
          </reporter-output>
        </test-method> <!-- setUp -->
      </class> <!-- com.mindtree.Helper.Log4j -->
    </test> <!-- Default test -->
  </suite> <!-- Default suite -->
</testng-results>
