<?xml version="1.0" encoding="UTF-8"?>
<testng-results total="0" passed="0" failed="0" skipped="0">
  <reporter-output>
  </reporter-output>
  <suite started-at="2022-05-20T12:58:44Z" name="testRunner.TestRunner" finished-at="2022-05-20T12:58:44Z" duration-ms="6">
    <groups>
    </groups>
    <test started-at="2022-05-20T12:58:44Z" name="Command line test" finished-at="2022-05-20T12:58:44Z" duration-ms="6">
    </test> <!-- Command line test -->
  </suite> <!-- testRunner.TestRunner -->
</testng-results>
